# JRE version: OpenJDK Runtime Environment (8.0_202-b03) (build 1.8.0_202-release-1483-b03)
# Java VM: OpenJDK 64-Bit Server VM (25.202-b03 mixed mode windows-amd64 compressed oops)
Heap:
 PSYoungGen      total 169984K, used 6590K [0x00000000e0000000, 0x00000000eca00000, 0x0000000100000000)
  eden space 150016K, 4% used [0x00000000e0000000,0x00000000e066f920,0x00000000e9280000)
  from space 19968K, 0% used [0x00000000ea900000,0x00000000ea900000,0x00000000ebc80000)
  to   space 23040K, 0% used [0x00000000e9280000,0x00000000e9280000,0x00000000ea900000)
 ParOldGen       total 247296K, used 156866K [0x00000000a0000000, 0x00000000af180000, 0x00000000e0000000)
  object space 247296K, 63% used [0x00000000a0000000,0x00000000a99308b0,0x00000000af180000)
 Metaspace       used 75996K, capacity 78166K, committed 78616K, reserved 1118208K
  class space    used 9878K, capacity 10442K, committed 10536K, reserved 1048576K
GC Heap History (10 events):
Event: 130.672 GC heap before
{Heap before GC invocations=22 (full 3):
 PSYoungGen      total 145408K, used 145079K [0x00000000e0000000, 0x00000000ea600000, 0x0000000100000000)
  eden space 134656K, 100% used [0x00000000e0000000,0x00000000e8380000,0x00000000e8380000)
  from space 10752K, 96% used [0x00000000e9b80000,0x00000000ea5adc18,0x00000000ea600000)
  to   space 14848K, 0% used [0x00000000e8900000,0x00000000e8900000,0x00000000e9780000)
 ParOldGen       total 88064K, used 32395K [0x00000000a0000000, 0x00000000a5600000, 0x00000000e0000000)
  object space 88064K, 36% used [0x00000000a0000000,0x00000000a1fa2ef8,0x00000000a5600000)
 Metaspace       used 62787K, capacity 64982K, committed 65048K, reserved 1105920K
  class space    used 8406K, capacity 8936K, committed 9000K, reserved 1048576K
Event: 131.178 GC heap after
Heap after GC invocations=22 (full 3):
 PSYoungGen      total 155136K, used 14816K [0x00000000e0000000, 0x00000000ebc80000, 0x0000000100000000)
  eden space 140288K, 0% used [0x00000000e0000000,0x00000000e0000000,0x00000000e8900000)
  from space 14848K, 99% used [0x00000000e8900000,0x00000000e9778080,0x00000000e9780000)
  to   space 19968K, 0% used [0x00000000ea900000,0x00000000ea900000,0x00000000ebc80000)
 ParOldGen       total 88064K, used 40448K [0x00000000a0000000, 0x00000000a5600000, 0x00000000e0000000)
  object space 88064K, 45% used [0x00000000a0000000,0x00000000a2780110,0x00000000a5600000)
 Metaspace       used 62787K, capacity 64982K, committed 65048K, reserved 1105920K
  class space    used 8406K, capacity 8936K, committed 9000K, reserved 1048576K
}
Event: 155.341 GC heap before
{Heap before GC invocations=23 (full 3):
 PSYoungGen      total 155136K, used 155104K [0x00000000e0000000, 0x00000000ebc80000, 0x0000000100000000)
  eden space 140288K, 100% used [0x00000000e0000000,0x00000000e8900000,0x00000000e8900000)
  from space 14848K, 99% used [0x00000000e8900000,0x00000000e9778080,0x00000000e9780000)
  to   space 19968K, 0% used [0x00000000ea900000,0x00000000ea900000,0x00000000ebc80000)
 ParOldGen       total 88064K, used 40448K [0x00000000a0000000, 0x00000000a5600000, 0x00000000e0000000)
  object space 88064K, 45% used [0x00000000a0000000,0x00000000a2780110,0x00000000a5600000)
 Metaspace       used 67924K, capacity 70176K, committed 70296K, reserved 1110016K
  class space    used 9031K, capacity 9623K, committed 9640K, reserved 1048576K
Event: 155.883 GC heap after
Heap after GC invocations=23 (full 3):
 PSYoungGen      total 169984K, used 19841K [0x00000000e0000000, 0x00000000eca00000, 0x0000000100000000)
  eden space 150016K, 0% used [0x00000000e0000000,0x00000000e0000000,0x00000000e9280000)
  from space 19968K, 99% used [0x00000000ea900000,0x00000000ebc60758,0x00000000ebc80000)
  to   space 23040K, 0% used [0x00000000e9280000,0x00000000e9280000,0x00000000ea900000)
 ParOldGen       total 88064K, used 54704K [0x00000000a0000000, 0x00000000a5600000, 0x00000000e0000000)
  object space 88064K, 62% used [0x00000000a0000000,0x00000000a356c3a0,0x00000000a5600000)
 Metaspace       used 67924K, capacity 70176K, committed 70296K, reserved 1110016K
  class space    used 9031K, capacity 9623K, committed 9640K, reserved 1048576K
}
Event: 167.224 GC heap before
{Heap before GC invocations=24 (full 3):
 PSYoungGen      total 169984K, used 169857K [0x00000000e0000000, 0x00000000eca00000, 0x0000000100000000)
  eden space 150016K, 100% used [0x00000000e0000000,0x00000000e9280000,0x00000000e9280000)
  from space 19968K, 99% used [0x00000000ea900000,0x00000000ebc60758,0x00000000ebc80000)
  to   space 23040K, 0% used [0x00000000e9280000,0x00000000e9280000,0x00000000ea900000)
 ParOldGen       total 88064K, used 54704K [0x00000000a0000000, 0x00000000a5600000, 0x00000000e0000000)
  object space 88064K, 62% used [0x00000000a0000000,0x00000000a356c3a0,0x00000000a5600000)
 Metaspace       used 75226K, capacity 77440K, committed 77720K, reserved 1116160K
  class space    used 9800K, capacity 10359K, committed 10408K, reserved 1048576K
Event: 169.429 GC heap after
Heap after GC invocations=24 (full 3):
 PSYoungGen      total 169984K, used 169857K [0x00000000e0000000, 0x00000000eca00000, 0x0000000100000000)
  eden space 150016K, 100% used [0x00000000e0000000,0x00000000e9280000,0x00000000e9280000)
  from space 19968K, 99% used [0x00000000ea900000,0x00000000ebc60758,0x00000000ebc80000)
  to   space 23040K, 99% used [0x00000000e9280000,0x00000000ea8fe7b8,0x00000000ea900000)
 ParOldGen       total 95232K, used 94974K [0x00000000a0000000, 0x00000000a5d00000, 0x00000000e0000000)
  object space 95232K, 99% used [0x00000000a0000000,0x00000000a5cbfac0,0x00000000a5d00000)
 Metaspace       used 75226K, capacity 77440K, committed 77720K, reserved 1116160K
  class space    used 9800K, capacity 10359K, committed 10408K, reserved 1048576K
}
Event: 169.436 GC heap before
{Heap before GC invocations=25 (full 4):
 PSYoungGen      total 169984K, used 169857K [0x00000000e0000000, 0x00000000eca00000, 0x0000000100000000)
  eden space 150016K, 100% used [0x00000000e0000000,0x00000000e9280000,0x00000000e9280000)
  from space 19968K, 99% used [0x00000000ea900000,0x00000000ebc60758,0x00000000ebc80000)
  to   space 23040K, 99% used [0x00000000e9280000,0x00000000ea8fe7b8,0x00000000ea900000)
 ParOldGen       total 95232K, used 94974K [0x00000000a0000000, 0x00000000a5d00000, 0x00000000e0000000)
  object space 95232K, 99% used [0x00000000a0000000,0x00000000a5cbfac0,0x00000000a5d00000)
 Metaspace       used 75226K, capacity 77440K, committed 77720K, reserved 1116160K
  class space    used 9800K, capacity 10359K, committed 10408K, reserved 1048576K
Event: 175.924 GC heap after
Heap after GC invocations=25 (full 4):
 PSYoungGen      total 169984K, used 0K [0x00000000e0000000, 0x00000000eca00000, 0x0000000100000000)
  eden space 150016K, 0% used [0x00000000e0000000,0x00000000e0000000,0x00000000e9280000)
  from space 19968K, 0% used [0x00000000ea900000,0x00000000ea900000,0x00000000ebc80000)
  to   space 23040K, 39% used [0x00000000e9280000,0x00000000e9b696f0,0x00000000ea900000)
 ParOldGen       total 168960K, used 95040K [0x00000000a0000000, 0x00000000aa500000, 0x00000000e0000000)
  object space 168960K, 56% used [0x00000000a0000000,0x00000000a5cd00d0,0x00000000aa500000)
 Metaspace       used 75201K, capacity 77366K, committed 77720K, reserved 1116160K
  class space    used 9793K, capacity 10346K, committed 10408K, reserved 1048576K
}
Event: 187.864 GC heap before
{Heap before GC invocations=26 (full 5):
 PSYoungGen      total 169984K, used 150016K [0x00000000e0000000, 0x00000000eca00000, 0x0000000100000000)
  eden space 150016K, 100% used [0x00000000e0000000,0x00000000e9280000,0x00000000e9280000)
  from space 19968K, 0% used [0x00000000ea900000,0x00000000ea900000,0x00000000ebc80000)
  to   space 23040K, 39% used [0x00000000e9280000,0x00000000e9b696f0,0x00000000ea900000)
 ParOldGen       total 168960K, used 95040K [0x00000000a0000000, 0x00000000aa500000, 0x00000000e0000000)
  object space 168960K, 56% used [0x00000000a0000000,0x00000000a5cd00d0,0x00000000aa500000)
 Metaspace       used 75855K, capacity 78006K, committed 78360K, reserved 1118208K
  class space    used 9854K, capacity 10410K, committed 10536K, reserved 1048576K
Event: 194.159 GC heap after
Heap after GC invocations=26 (full 5):
 PSYoungGen      total 169984K, used 0K [0x00000000e0000000, 0x00000000eca00000, 0x0000000100000000)
  eden space 150016K, 0% used [0x00000000e0000000,0x00000000e0000000,0x00000000e9280000)
  from space 19968K, 0% used [0x00000000ea900000,0x00000000ea900000,0x00000000ebc80000)
  to   space 23040K, 0% used [0x00000000e9280000,0x00000000e9280000,0x00000000ea900000)
 ParOldGen       total 247296K, used 156866K [0x00000000a0000000, 0x00000000af180000, 0x00000000e0000000)
  object space 247296K, 63% used [0x00000000a0000000,0x00000000a99308b0,0x00000000af180000)
 Metaspace       used 75855K, capacity 78006K, committed 78360K, reserved 1118208K
  class space    used 9854K, capacity 10410K, committed 10536K, reserved 1048576K
}

